Using pre-set license
Built from '2021.1/release' branch; Version is '2021.1.4f1 (4cd64a618c1b) revision 5035594'; Using compiler version '192528614'; Build Type 'Release'
OS: 'Windows 10 Home; OS build 19043.1288; Version 2009; 64bit' Language: 'ko' Physical Memory: 16300 MB
BatchMode: 1, IsHumanControllingUs: 0, StartBugReporterOnCrash: 0, Is64bit: 1, IsPro: 0

 COMMAND LINE ARGUMENTS:
C:\Program Files\Unity\Hub\Editor\2021.1.4f1\Editor\Unity.exe
-adb2
-batchMode
-noUpm
-name
AssetImportWorker0
-projectPath
C:/Unity/Journey of Hoodie
-logFile
Logs/AssetImportWorker0.log
-srvPort
14858
Successfully changed project path to: C:/Unity/Journey of Hoodie
C:/Unity/Journey of Hoodie
Using Asset Import Pipeline V2.
Refreshing native plugins compatible for Editor in 42.14 ms, found 0 plugins.
Preloading 0 native plugins for Editor in 0.00 ms.
Initialize engine version: 2021.1.4f1 (4cd64a618c1b)
[Subsystems] Discovering subsystems at path C:/Program Files/Unity/Hub/Editor/2021.1.4f1/Editor/Data/Resources/UnitySubsystems
[Subsystems] Discovering subsystems at path C:/Unity/Journey of Hoodie/Assets
GfxDevice: creating device client; threaded=0; jobified=0
Direct3D:
    Version:  Direct3D 11.0 [level 11.1]
    Renderer: NVIDIA GeForce GTX 1660 SUPER (ID=0x21c4)
    Vendor:   NVIDIA
    VRAM:     5991 MB
    Driver:   30.0.14.7212
Initialize mono
Mono path[0] = 'C:/Program Files/Unity/Hub/Editor/2021.1.4f1/Editor/Data/Managed'
Mono path[1] = 'C:/Program Files/Unity/Hub/Editor/2021.1.4f1/Editor/Data/MonoBleedingEdge/lib/mono/unityjit'
Mono config path = 'C:/Program Files/Unity/Hub/Editor/2021.1.4f1/Editor/Data/MonoBleedingEdge/etc'
Using monoOptions --debugger-agent=transport=dt_socket,embedding=1,server=y,suspend=n,address=127.0.0.1:56544
Begin MonoManager ReloadAssembly
Registering precompiled unity dll's ...
Register platform support module: C:/Program Files/Unity/Hub/Editor/2021.1.4f1/Editor/Data/PlaybackEngines/WindowsStandaloneSupport/UnityEditor.WindowsStandalone.Extensions.dll
Registered in 0.001773 seconds.
Native extension for WindowsStandalone target not found
Refreshing native plugins compatible for Editor in 41.19 ms, found 0 plugins.
Preloading 0 native plugins for Editor in 0.00 ms.
Mono: successfully reloaded assembly
- Completed reload, in  1.086 seconds
Platform modules already initialized, skipping
Registering precompiled user dll's ...
Registered in 0.006483 seconds.
Begin MonoManager ReloadAssembly
Native extension for WindowsStandalone target not found
Refreshing native plugins compatible for Editor in 0.48 ms, found 0 plugins.
Preloading 0 native plugins for Editor in 0.00 ms.
Mono: successfully reloaded assembly
- Completed reload, in  1.294 seconds
Platform modules already initialized, skipping
========================================================================
Worker process is ready to serve import requests
Launched and connected shader compiler UnityShaderCompiler.exe after 0.03 seconds
Refreshing native plugins compatible for Editor in 0.47 ms, found 0 plugins.
Preloading 0 native plugins for Editor in 0.00 ms.
Unloading 1872 Unused Serialized files (Serialized files now loaded: 0)
System memory in use before: 183.6 MB.
System memory in use after: 183.7 MB.

Unloading 26 unused Assets to reduce memory usage. Loaded Objects now: 2339.
Total: 1.977400 ms (FindLiveObjects: 0.173700 ms CreateObjectMapping: 0.070600 ms MarkObjects: 1.645900 ms  DeleteObjects: 0.086100 ms)

========================================================================
Received Import Request.
  path: Assets/Scenes/MultiChoice.unity
  artifactKey: Guid(782c6c367128b9f48bd85164940c809a) Importer(815301076,1909f56bfc062723c751e8b465ee728b)
Start importing Assets/Scenes/MultiChoice.unity using Guid(782c6c367128b9f48bd85164940c809a) Importer(815301076,1909f56bfc062723c751e8b465ee728b)  -> (artifact id: 'e89ca5c128e98e30f82b1364d5695690') in 0.010464 seconds 
========================================================================
Received Import Request.
  Time since last request: 35.026216 seconds.
  path: Assets/Scenes/B.unity
  artifactKey: Guid(6e042a6fd9c8eee44b9ac4ae140b4989) Importer(815301076,1909f56bfc062723c751e8b465ee728b)
Start importing Assets/Scenes/B.unity using Guid(6e042a6fd9c8eee44b9ac4ae140b4989) Importer(815301076,1909f56bfc062723c751e8b465ee728b)  -> (artifact id: '5db117713c9fa58d929ac70a74fa22dd') in 0.002362 seconds 
========================================================================
Received Prepare
Refreshing native plugins compatible for Editor in 3.44 ms, found 0 plugins.
Preloading 0 native plugins for Editor in 0.00 ms.
Unloading 20 Unused Serialized files (Serialized files now loaded: 0)
System memory in use before: 145.7 MB.
System memory in use after: 145.8 MB.

Unloading 18 unused Assets to reduce memory usage. Loaded Objects now: 2340.
Total: 2.596800 ms (FindLiveObjects: 0.152300 ms CreateObjectMapping: 0.070400 ms MarkObjects: 2.360600 ms  DeleteObjects: 0.012500 ms)

========================================================================
Received Prepare
Registering precompiled user dll's ...
Registered in 0.005879 seconds.
Begin MonoManager ReloadAssembly
Native extension for WindowsStandalone target not found
Refreshing native plugins compatible for Editor in 0.47 ms, found 0 plugins.
Preloading 0 native plugins for Editor in 0.00 ms.
Mono: successfully reloaded assembly
- Completed reload, in  0.930 seconds
Platform modules already initialized, skipping
Refreshing native plugins compatible for Editor in 0.47 ms, found 0 plugins.
Preloading 0 native plugins for Editor in 0.00 ms.
Unloading 1854 Unused Serialized files (Serialized files now loaded: 0)
System memory in use before: 182.2 MB.
System memory in use after: 182.3 MB.

Unloading 21 unused Assets to reduce memory usage. Loaded Objects now: 2343.
Total: 1.891400 ms (FindLiveObjects: 0.144400 ms CreateObjectMapping: 0.054100 ms MarkObjects: 1.676900 ms  DeleteObjects: 0.015200 ms)

========================================================================
Received Prepare
Registering precompiled user dll's ...
Registered in 0.006431 seconds.
Begin MonoManager ReloadAssembly
Native extension for WindowsStandalone target not found
Refreshing native plugins compatible for Editor in 0.47 ms, found 0 plugins.
Preloading 0 native plugins for Editor in 0.00 ms.
Mono: successfully reloaded assembly
- Completed reload, in  0.990 seconds
Platform modules already initialized, skipping
Refreshing native plugins compatible for Editor in 0.48 ms, found 0 plugins.
Preloading 0 native plugins for Editor in 0.00 ms.
Unloading 1854 Unused Serialized files (Serialized files now loaded: 0)
System memory in use before: 182.3 MB.
System memory in use after: 182.4 MB.

Unloading 21 unused Assets to reduce memory usage. Loaded Objects now: 2346.
Total: 1.855800 ms (FindLiveObjects: 0.157800 ms CreateObjectMapping: 0.061500 ms MarkObjects: 1.618200 ms  DeleteObjects: 0.017300 ms)

========================================================================
Received Import Request.
  Time since last request: 40.150444 seconds.
  path: Assets/Scenes/B.unity
  artifactKey: Guid(6e042a6fd9c8eee44b9ac4ae140b4989) Importer(815301076,1909f56bfc062723c751e8b465ee728b)
Start importing Assets/Scenes/B.unity using Guid(6e042a6fd9c8eee44b9ac4ae140b4989) Importer(815301076,1909f56bfc062723c751e8b465ee728b)  -> (artifact id: 'fdb87492bd9cfa65d953fba4c8fc599f') in 0.036090 seconds 
========================================================================
Received Prepare
Registering precompiled user dll's ...
Registered in 0.006152 seconds.
Begin MonoManager ReloadAssembly
Native extension for WindowsStandalone target not found
Refreshing native plugins compatible for Editor in 0.48 ms, found 0 plugins.
Preloading 0 native plugins for Editor in 0.00 ms.
Mono: successfully reloaded assembly
- Completed reload, in  0.958 seconds
Platform modules already initialized, skipping
Refreshing native plugins compatible for Editor in 0.50 ms, found 0 plugins.
Preloading 0 native plugins for Editor in 0.00 ms.
Unloading 1854 Unused Serialized files (Serialized files now loaded: 0)
System memory in use before: 182.3 MB.
System memory in use after: 182.4 MB.

Unloading 21 unused Assets to reduce memory usage. Loaded Objects now: 2349.
Total: 2.893200 ms (FindLiveObjects: 0.324500 ms CreateObjectMapping: 0.106200 ms MarkObjects: 2.426200 ms  DeleteObjects: 0.034800 ms)

========================================================================
Received Prepare
Registering precompiled user dll's ...
Registered in 0.006106 seconds.
Begin MonoManager ReloadAssembly
Native extension for WindowsStandalone target not found
Refreshing native plugins compatible for Editor in 0.51 ms, found 0 plugins.
Preloading 0 native plugins for Editor in 0.00 ms.
Mono: successfully reloaded assembly
- Completed reload, in  0.992 seconds
Platform modules already initialized, skipping
Refreshing native plugins compatible for Editor in 0.52 ms, found 0 plugins.
Preloading 0 native plugins for Editor in 0.00 ms.
Unloading 1854 Unused Serialized files (Serialized files now loaded: 0)
System memory in use before: 182.3 MB.
System memory in use after: 182.5 MB.

Unloading 21 unused Assets to reduce memory usage. Loaded Objects now: 2352.
Total: 2.057200 ms (FindLiveObjects: 0.185600 ms CreateObjectMapping: 0.067200 ms MarkObjects: 1.784200 ms  DeleteObjects: 0.019300 ms)

========================================================================
Received Prepare
Registering precompiled user dll's ...
Registered in 0.006235 seconds.
Begin MonoManager ReloadAssembly
Native extension for WindowsStandalone target not found
Refreshing native plugins compatible for Editor in 0.48 ms, found 0 plugins.
Preloading 0 native plugins for Editor in 0.00 ms.
Mono: successfully reloaded assembly
- Completed reload, in  0.983 seconds
Platform modules already initialized, skipping
Refreshing native plugins compatible for Editor in 0.54 ms, found 0 plugins.
Preloading 0 native plugins for Editor in 0.00 ms.
Unloading 1854 Unused Serialized files (Serialized files now loaded: 0)
System memory in use before: 182.4 MB.
System memory in use after: 182.5 MB.

Unloading 21 unused Assets to reduce memory usage. Loaded Objects now: 2355.
Total: 2.169300 ms (FindLiveObjects: 0.181600 ms CreateObjectMapping: 0.060300 ms MarkObjects: 1.908600 ms  DeleteObjects: 0.017900 ms)

========================================================================
Received Import Request.
  Time since last request: 148.554251 seconds.
  path: Assets/test.cs
  artifactKey: Guid(86461e4b99ddc5f49a1db321c469415d) Importer(815301076,1909f56bfc062723c751e8b465ee728b)
Start importing Assets/test.cs using Guid(86461e4b99ddc5f49a1db321c469415d) Importer(815301076,1909f56bfc062723c751e8b465ee728b)  -> (artifact id: 'e40829e9050234ff9efd25396736fe01') in 0.027694 seconds 
========================================================================
Received Prepare
Registering precompiled user dll's ...
Registered in 0.007066 seconds.
Begin MonoManager ReloadAssembly
Native extension for WindowsStandalone target not found
Refreshing native plugins compatible for Editor in 0.49 ms, found 0 plugins.
Preloading 0 native plugins for Editor in 0.00 ms.
Mono: successfully reloaded assembly
- Completed reload, in  1.000 seconds
Platform modules already initialized, skipping
Refreshing native plugins compatible for Editor in 0.48 ms, found 0 plugins.
Preloading 0 native plugins for Editor in 0.00 ms.
Unloading 1853 Unused Serialized files (Serialized files now loaded: 0)
System memory in use before: 182.3 MB.
System memory in use after: 182.5 MB.

Unloading 21 unused Assets to reduce memory usage. Loaded Objects now: 2358.
Total: 2.967500 ms (FindLiveObjects: 0.153100 ms CreateObjectMapping: 0.052700 ms MarkObjects: 2.742200 ms  DeleteObjects: 0.018200 ms)

========================================================================
Received Prepare
Registering precompiled user dll's ...
Registered in 0.005959 seconds.
Begin MonoManager ReloadAssembly
Native extension for WindowsStandalone target not found
Refreshing native plugins compatible for Editor in 0.53 ms, found 0 plugins.
Preloading 0 native plugins for Editor in 0.00 ms.
Mono: successfully reloaded assembly
- Completed reload, in  0.918 seconds
Platform modules already initialized, skipping
Refreshing native plugins compatible for Editor in 0.57 ms, found 0 plugins.
Preloading 0 native plugins for Editor in 0.00 ms.
Unloading 1853 Unused Serialized files (Serialized files now loaded: 0)
System memory in use before: 182.4 MB.
System memory in use after: 182.5 MB.

Unloading 21 unused Assets to reduce memory usage. Loaded Objects now: 2361.
Total: 2.380700 ms (FindLiveObjects: 0.152500 ms CreateObjectMapping: 0.062300 ms MarkObjects: 2.148900 ms  DeleteObjects: 0.016000 ms)

========================================================================
Received Import Request.
  Time since last request: 52.078233 seconds.
  path: Assets/Scenes/Bread.unity
  artifactKey: Guid(d33706218ea4b0f4d9b8c46609a2334b) Importer(815301076,1909f56bfc062723c751e8b465ee728b)
Start importing Assets/Scenes/Bread.unity using Guid(d33706218ea4b0f4d9b8c46609a2334b) Importer(815301076,1909f56bfc062723c751e8b465ee728b)  -> (artifact id: '8ac568ca18ce40448102df336a1613c1') in 0.054454 seconds 
========================================================================
Received Prepare
Registering precompiled user dll's ...
Registered in 0.006299 seconds.
Begin MonoManager ReloadAssembly
Native extension for WindowsStandalone target not found
Refreshing native plugins compatible for Editor in 0.54 ms, found 0 plugins.
Preloading 0 native plugins for Editor in 0.00 ms.
Mono: successfully reloaded assembly
- Completed reload, in  0.968 seconds
Platform modules already initialized, skipping
Refreshing native plugins compatible for Editor in 0.50 ms, found 0 plugins.
Preloading 0 native plugins for Editor in 0.00 ms.
Unloading 1853 Unused Serialized files (Serialized files now loaded: 0)
System memory in use before: 182.4 MB.
System memory in use after: 182.5 MB.

Unloading 21 unused Assets to reduce memory usage. Loaded Objects now: 2364.
Total: 1.915700 ms (FindLiveObjects: 0.151100 ms CreateObjectMapping: 0.066700 ms MarkObjects: 1.679800 ms  DeleteObjects: 0.016900 ms)

========================================================================
Received Prepare
Registering precompiled user dll's ...
Registered in 0.007422 seconds.
Begin MonoManager ReloadAssembly
Native extension for WindowsStandalone target not found
Refreshing native plugins compatible for Editor in 0.51 ms, found 0 plugins.
Preloading 0 native plugins for Editor in 0.00 ms.
Mono: successfully reloaded assembly
- Completed reload, in  1.033 seconds
Platform modules already initialized, skipping
Refreshing native plugins compatible for Editor in 0.66 ms, found 0 plugins.
Preloading 0 native plugins for Editor in 0.00 ms.
Unloading 1853 Unused Serialized files (Serialized files now loaded: 0)
System memory in use before: 182.4 MB.
System memory in use after: 182.5 MB.

Unloading 21 unused Assets to reduce memory usage. Loaded Objects now: 2367.
Total: 2.019000 ms (FindLiveObjects: 0.174200 ms CreateObjectMapping: 0.068200 ms MarkObjects: 1.756200 ms  DeleteObjects: 0.019200 ms)

========================================================================
Received Prepare
Registering precompiled user dll's ...
Registered in 0.006773 seconds.
Begin MonoManager ReloadAssembly
Native extension for WindowsStandalone target not found
Refreshing native plugins compatible for Editor in 0.47 ms, found 0 plugins.
Preloading 0 native plugins for Editor in 0.00 ms.
Mono: successfully reloaded assembly
- Completed reload, in  1.087 seconds
Platform modules already initialized, skipping
Refreshing native plugins compatible for Editor in 0.48 ms, found 0 plugins.
Preloading 0 native plugins for Editor in 0.00 ms.
Unloading 1853 Unused Serialized files (Serialized files now loaded: 0)
System memory in use before: 182.4 MB.
System memory in use after: 182.5 MB.

Unloading 21 unused Assets to reduce memory usage. Loaded Objects now: 2370.
Total: 1.933000 ms (FindLiveObjects: 0.151100 ms CreateObjectMapping: 0.055100 ms MarkObjects: 1.705700 ms  DeleteObjects: 0.020100 ms)

========================================================================
Received Import Request.
  Time since last request: 265.553928 seconds.
  path: Assets/Resources/PhotonPrefabs/TownMultiPlayer.prefab
  artifactKey: Guid(2aa411c9530ee5442815d61f36d41b1b) Importer(815301076,1909f56bfc062723c751e8b465ee728b)
Start importing Assets/Resources/PhotonPrefabs/TownMultiPlayer.prefab using Guid(2aa411c9530ee5442815d61f36d41b1b) Importer(815301076,1909f56bfc062723c751e8b465ee728b)  -> (artifact id: '5df1848bcf211103393d1f3cf947b814') in 0.147956 seconds 
========================================================================
Received Import Request.
  Time since last request: 7.723435 seconds.
  path: Assets/Resources/PhotonPrefabs/TownMultiPlayer.prefab
  artifactKey: Guid(2aa411c9530ee5442815d61f36d41b1b) Importer(815301076,1909f56bfc062723c751e8b465ee728b)
Start importing Assets/Resources/PhotonPrefabs/TownMultiPlayer.prefab using Guid(2aa411c9530ee5442815d61f36d41b1b) Importer(815301076,1909f56bfc062723c751e8b465ee728b)  -> (artifact id: '577b37a71c6281db262f3fa0f3c1e633') in 0.026162 seconds 
========================================================================
Received Import Request.
  Time since last request: 1.955879 seconds.
  path: Assets/Resources/PhotonPrefabs/TownMultiPlayer.prefab
  artifactKey: Guid(2aa411c9530ee5442815d61f36d41b1b) Importer(815301076,1909f56bfc062723c751e8b465ee728b)
Start importing Assets/Resources/PhotonPrefabs/TownMultiPlayer.prefab using Guid(2aa411c9530ee5442815d61f36d41b1b) Importer(815301076,1909f56bfc062723c751e8b465ee728b)  -> (artifact id: '150a52389978e6efcb15cece0667f01b') in 0.019581 seconds 
========================================================================
Received Import Request.
  Time since last request: 4.451765 seconds.
  path: Assets/Resources/PhotonPrefabs/TownMultiPlayer.prefab
  artifactKey: Guid(2aa411c9530ee5442815d61f36d41b1b) Importer(815301076,1909f56bfc062723c751e8b465ee728b)
Start importing Assets/Resources/PhotonPrefabs/TownMultiPlayer.prefab using Guid(2aa411c9530ee5442815d61f36d41b1b) Importer(815301076,1909f56bfc062723c751e8b465ee728b)  -> (artifact id: 'abc43fbd63ec6a785a9c09e4998de186') in 0.021544 seconds 
========================================================================
Received Import Request.
  Time since last request: 1.208692 seconds.
  path: Assets/Resources/PhotonPrefabs/TownMultiPlayer.prefab
  artifactKey: Guid(2aa411c9530ee5442815d61f36d41b1b) Importer(815301076,1909f56bfc062723c751e8b465ee728b)
Start importing Assets/Resources/PhotonPrefabs/TownMultiPlayer.prefab using Guid(2aa411c9530ee5442815d61f36d41b1b) Importer(815301076,1909f56bfc062723c751e8b465ee728b)  -> (artifact id: '4af5224bee3ef4169514810897d9c7af') in 0.019779 seconds 
========================================================================
Received Import Request.
  Time since last request: 3.785930 seconds.
  path: Assets/Resources/PhotonPrefabs/TownMultiPlayer.prefab
  artifactKey: Guid(2aa411c9530ee5442815d61f36d41b1b) Importer(815301076,1909f56bfc062723c751e8b465ee728b)
Start importing Assets/Resources/PhotonPrefabs/TownMultiPlayer.prefab using Guid(2aa411c9530ee5442815d61f36d41b1b) Importer(815301076,1909f56bfc062723c751e8b465ee728b)  -> (artifact id: 'da82bcc14a013795f3867d55dacc9176') in 0.019822 seconds 
========================================================================
Received Import Request.
  Time since last request: 1.418810 seconds.
  path: Assets/Resources/PhotonPrefabs/TownMultiPlayer.prefab
  artifactKey: Guid(2aa411c9530ee5442815d61f36d41b1b) Importer(815301076,1909f56bfc062723c751e8b465ee728b)
Start importing Assets/Resources/PhotonPrefabs/TownMultiPlayer.prefab using Guid(2aa411c9530ee5442815d61f36d41b1b) Importer(815301076,1909f56bfc062723c751e8b465ee728b)  -> (artifact id: '94bfebc9d05d35b10a3460818b069337') in 0.019180 seconds 
========================================================================
Received Prepare
Registering precompiled user dll's ...
Registered in 0.006295 seconds.
Begin MonoManager ReloadAssembly
Native extension for WindowsStandalone target not found
Refreshing native plugins compatible for Editor in 0.48 ms, found 0 plugins.
Preloading 0 native plugins for Editor in 0.00 ms.
Mono: successfully reloaded assembly
- Completed reload, in  1.001 seconds
Platform modules already initialized, skipping
Refreshing native plugins compatible for Editor in 0.48 ms, found 0 plugins.
Preloading 0 native plugins for Editor in 0.00 ms.
Unloading 1853 Unused Serialized files (Serialized files now loaded: 0)
System memory in use before: 200.2 MB.
System memory in use after: 200.3 MB.

Unloading 21 unused Assets to reduce memory usage. Loaded Objects now: 2382.
Total: 2.023300 ms (FindLiveObjects: 0.174400 ms CreateObjectMapping: 0.061300 ms MarkObjects: 1.755700 ms  DeleteObjects: 0.030800 ms)

========================================================================
Received Import Request.
  Time since last request: 275.796803 seconds.
  path: Assets/Scenes/Pudding.unity
  artifactKey: Guid(f12769b687eed744db81bd77328d9759) Importer(815301076,1909f56bfc062723c751e8b465ee728b)
Start importing Assets/Scenes/Pudding.unity using Guid(f12769b687eed744db81bd77328d9759) Importer(815301076,1909f56bfc062723c751e8b465ee728b)  -> (artifact id: '10ee069068de7e620fe23fd885e0c597') in 0.021516 seconds 
========================================================================
Received Prepare
Registering precompiled user dll's ...
Registered in 0.006182 seconds.
Begin MonoManager ReloadAssembly
Native extension for WindowsStandalone target not found
Refreshing native plugins compatible for Editor in 0.48 ms, found 0 plugins.
Preloading 0 native plugins for Editor in 0.00 ms.
Mono: successfully reloaded assembly
- Completed reload, in  0.981 seconds
Platform modules already initialized, skipping
Refreshing native plugins compatible for Editor in 0.48 ms, found 0 plugins.
Preloading 0 native plugins for Editor in 0.00 ms.
Unloading 1853 Unused Serialized files (Serialized files now loaded: 0)
System memory in use before: 200.2 MB.
System memory in use after: 200.3 MB.

Unloading 21 unused Assets to reduce memory usage. Loaded Objects now: 2385.
Total: 1.952600 ms (FindLiveObjects: 0.164000 ms CreateObjectMapping: 0.061700 ms MarkObjects: 1.709900 ms  DeleteObjects: 0.016300 ms)

========================================================================
Received Prepare
Registering precompiled user dll's ...
Registered in 0.006245 seconds.
Begin MonoManager ReloadAssembly
Native extension for WindowsStandalone target not found
Refreshing native plugins compatible for Editor in 0.47 ms, found 0 plugins.
Preloading 0 native plugins for Editor in 0.00 ms.
Mono: successfully reloaded assembly
- Completed reload, in  0.954 seconds
Platform modules already initialized, skipping
Refreshing native plugins compatible for Editor in 0.47 ms, found 0 plugins.
Preloading 0 native plugins for Editor in 0.00 ms.
Unloading 1853 Unused Serialized files (Serialized files now loaded: 0)
System memory in use before: 200.2 MB.
System memory in use after: 200.3 MB.

Unloading 21 unused Assets to reduce memory usage. Loaded Objects now: 2388.
Total: 2.295200 ms (FindLiveObjects: 0.144400 ms CreateObjectMapping: 0.055800 ms MarkObjects: 2.061400 ms  DeleteObjects: 0.032400 ms)

========================================================================
Received Prepare
Registering precompiled user dll's ...
Registered in 0.005980 seconds.
Begin MonoManager ReloadAssembly
Native extension for WindowsStandalone target not found
Refreshing native plugins compatible for Editor in 0.72 ms, found 0 plugins.
Preloading 0 native plugins for Editor in 0.00 ms.
Mono: successfully reloaded assembly
- Completed reload, in  0.974 seconds
Platform modules already initialized, skipping
Refreshing native plugins compatible for Editor in 0.48 ms, found 0 plugins.
Preloading 0 native plugins for Editor in 0.00 ms.
Unloading 1853 Unused Serialized files (Serialized files now loaded: 0)
System memory in use before: 200.2 MB.
System memory in use after: 200.4 MB.

Unloading 21 unused Assets to reduce memory usage. Loaded Objects now: 2391.
Total: 2.165800 ms (FindLiveObjects: 0.144300 ms CreateObjectMapping: 0.054400 ms MarkObjects: 1.949600 ms  DeleteObjects: 0.016700 ms)

========================================================================
Received Prepare
Registering precompiled user dll's ...
Registered in 0.006188 seconds.
Begin MonoManager ReloadAssembly
Native extension for WindowsStandalone target not found
Refreshing native plugins compatible for Editor in 0.47 ms, found 0 plugins.
Preloading 0 native plugins for Editor in 0.00 ms.
Mono: successfully reloaded assembly
- Completed reload, in  0.950 seconds
Platform modules already initialized, skipping
Refreshing native plugins compatible for Editor in 0.47 ms, found 0 plugins.
Preloading 0 native plugins for Editor in 0.00 ms.
Unloading 1853 Unused Serialized files (Serialized files now loaded: 0)
System memory in use before: 200.3 MB.
System memory in use after: 200.4 MB.

Unloading 21 unused Assets to reduce memory usage. Loaded Objects now: 2394.
Total: 1.985600 ms (FindLiveObjects: 0.152500 ms CreateObjectMapping: 0.059100 ms MarkObjects: 1.756500 ms  DeleteObjects: 0.016600 ms)

========================================================================
Received Import Request.
  Time since last request: 864.347557 seconds.
  path: Assets/Resources/PhotonPrefabs/TownMultiPlayer.prefab
  artifactKey: Guid(2aa411c9530ee5442815d61f36d41b1b) Importer(815301076,1909f56bfc062723c751e8b465ee728b)
Start importing Assets/Resources/PhotonPrefabs/TownMultiPlayer.prefab using Guid(2aa411c9530ee5442815d61f36d41b1b) Importer(815301076,1909f56bfc062723c751e8b465ee728b)  -> (artifact id: '0eac31ed373a96c9e589a28ff4151fdc') in 0.123604 seconds 
========================================================================
Received Import Request.
  Time since last request: 11.444145 seconds.
  path: Assets/Resources/PhotonPrefabs/TownMultiPlayer.prefab
  artifactKey: Guid(2aa411c9530ee5442815d61f36d41b1b) Importer(815301076,1909f56bfc062723c751e8b465ee728b)
Start importing Assets/Resources/PhotonPrefabs/TownMultiPlayer.prefab using Guid(2aa411c9530ee5442815d61f36d41b1b) Importer(815301076,1909f56bfc062723c751e8b465ee728b)  -> (artifact id: 'b6c4dc6baf49ba8bdef0bfd3a3cd8a0f') in 0.021310 seconds 
========================================================================
Received Prepare
Registering precompiled user dll's ...
Registered in 0.006188 seconds.
Begin MonoManager ReloadAssembly
Native extension for WindowsStandalone target not found
Refreshing native plugins compatible for Editor in 0.47 ms, found 0 plugins.
Preloading 0 native plugins for Editor in 0.00 ms.
Mono: successfully reloaded assembly
- Completed reload, in  0.954 seconds
Platform modules already initialized, skipping
Refreshing native plugins compatible for Editor in 0.48 ms, found 0 plugins.
Preloading 0 native plugins for Editor in 0.00 ms.
Unloading 1853 Unused Serialized files (Serialized files now loaded: 0)
System memory in use before: 200.3 MB.
System memory in use after: 200.4 MB.

Unloading 21 unused Assets to reduce memory usage. Loaded Objects now: 2398.
Total: 2.003900 ms (FindLiveObjects: 0.156600 ms CreateObjectMapping: 0.065800 ms MarkObjects: 1.763000 ms  DeleteObjects: 0.017300 ms)

========================================================================
Received Prepare
Registering precompiled user dll's ...
Registered in 0.006318 seconds.
Begin MonoManager ReloadAssembly
Native extension for WindowsStandalone target not found
Refreshing native plugins compatible for Editor in 0.53 ms, found 0 plugins.
Preloading 0 native plugins for Editor in 0.00 ms.
Mono: successfully reloaded assembly
- Completed reload, in  1.033 seconds
Platform modules already initialized, skipping
Refreshing native plugins compatible for Editor in 0.50 ms, found 0 plugins.
Preloading 0 native plugins for Editor in 0.00 ms.
Unloading 1853 Unused Serialized files (Serialized files now loaded: 0)
System memory in use before: 200.3 MB.
System memory in use after: 200.4 MB.

Unloading 21 unused Assets to reduce memory usage. Loaded Objects now: 2401.
Total: 2.140100 ms (FindLiveObjects: 0.182900 ms CreateObjectMapping: 0.074500 ms MarkObjects: 1.863300 ms  DeleteObjects: 0.018200 ms)

========================================================================
Received Prepare
Registering precompiled user dll's ...
Registered in 0.006119 seconds.
Begin MonoManager ReloadAssembly
Native extension for WindowsStandalone target not found
Refreshing native plugins compatible for Editor in 0.47 ms, found 0 plugins.
Preloading 0 native plugins for Editor in 0.00 ms.
Mono: successfully reloaded assembly
- Completed reload, in  0.965 seconds
Platform modules already initialized, skipping
Refreshing native plugins compatible for Editor in 0.48 ms, found 0 plugins.
Preloading 0 native plugins for Editor in 0.00 ms.
Unloading 1853 Unused Serialized files (Serialized files now loaded: 0)
System memory in use before: 200.3 MB.
System memory in use after: 200.4 MB.

Unloading 21 unused Assets to reduce memory usage. Loaded Objects now: 2404.
Total: 2.094700 ms (FindLiveObjects: 0.180000 ms CreateObjectMapping: 0.067200 ms MarkObjects: 1.828500 ms  DeleteObjects: 0.017500 ms)

========================================================================
Received Prepare
Registering precompiled user dll's ...
Registered in 0.006147 seconds.
Begin MonoManager ReloadAssembly
Native extension for WindowsStandalone target not found
Refreshing native plugins compatible for Editor in 0.47 ms, found 0 plugins.
Preloading 0 native plugins for Editor in 0.00 ms.
Mono: successfully reloaded assembly
- Completed reload, in  0.950 seconds
Platform modules already initialized, skipping
Refreshing native plugins compatible for Editor in 0.48 ms, found 0 plugins.
Preloading 0 native plugins for Editor in 0.00 ms.
Unloading 1853 Unused Serialized files (Serialized files now loaded: 0)
System memory in use before: 200.3 MB.
System memory in use after: 200.4 MB.

Unloading 21 unused Assets to reduce memory usage. Loaded Objects now: 2407.
Total: 1.864500 ms (FindLiveObjects: 0.157700 ms CreateObjectMapping: 0.064500 ms MarkObjects: 1.625600 ms  DeleteObjects: 0.015800 ms)

========================================================================
Received Prepare
Registering precompiled user dll's ...
Registered in 0.006109 seconds.
Begin MonoManager ReloadAssembly
Native extension for WindowsStandalone target not found
Refreshing native plugins compatible for Editor in 0.48 ms, found 0 plugins.
Preloading 0 native plugins for Editor in 0.00 ms.
Mono: successfully reloaded assembly
- Completed reload, in  0.952 seconds
Platform modules already initialized, skipping
Refreshing native plugins compatible for Editor in 0.48 ms, found 0 plugins.
Preloading 0 native plugins for Editor in 0.00 ms.
Unloading 1853 Unused Serialized files (Serialized files now loaded: 0)
System memory in use before: 200.3 MB.
System memory in use after: 200.4 MB.

Unloading 21 unused Assets to reduce memory usage. Loaded Objects now: 2410.
Total: 1.912300 ms (FindLiveObjects: 0.150200 ms CreateObjectMapping: 0.055900 ms MarkObjects: 1.689800 ms  DeleteObjects: 0.015600 ms)

========================================================================
Received Prepare
Registering precompiled user dll's ...
Registered in 0.006578 seconds.
Begin MonoManager ReloadAssembly
Native extension for WindowsStandalone target not found
Refreshing native plugins compatible for Editor in 0.47 ms, found 0 plugins.
Preloading 0 native plugins for Editor in 0.00 ms.
Mono: successfully reloaded assembly
- Completed reload, in  0.940 seconds
Platform modules already initialized, skipping
Refreshing native plugins compatible for Editor in 0.47 ms, found 0 plugins.
Preloading 0 native plugins for Editor in 0.00 ms.
Unloading 1853 Unused Serialized files (Serialized files now loaded: 0)
System memory in use before: 200.3 MB.
System memory in use after: 200.4 MB.

Unloading 21 unused Assets to reduce memory usage. Loaded Objects now: 2413.
Total: 1.948800 ms (FindLiveObjects: 0.151800 ms CreateObjectMapping: 0.056900 ms MarkObjects: 1.723300 ms  DeleteObjects: 0.016100 ms)

========================================================================
Received Prepare
Registering precompiled user dll's ...
Registered in 0.006494 seconds.
Begin MonoManager ReloadAssembly
Native extension for WindowsStandalone target not found
Refreshing native plugins compatible for Editor in 0.47 ms, found 0 plugins.
Preloading 0 native plugins for Editor in 0.00 ms.
Mono: successfully reloaded assembly
- Completed reload, in  1.055 seconds
Platform modules already initialized, skipping
Refreshing native plugins compatible for Editor in 0.51 ms, found 0 plugins.
Preloading 0 native plugins for Editor in 0.00 ms.
Unloading 1853 Unused Serialized files (Serialized files now loaded: 0)
System memory in use before: 200.3 MB.
System memory in use after: 200.4 MB.

Unloading 21 unused Assets to reduce memory usage. Loaded Objects now: 2416.
Total: 2.549700 ms (FindLiveObjects: 0.157000 ms CreateObjectMapping: 0.066500 ms MarkObjects: 2.307300 ms  DeleteObjects: 0.018100 ms)

========================================================================
Received Prepare
Registering precompiled user dll's ...
Registered in 0.006248 seconds.
Begin MonoManager ReloadAssembly
Native extension for WindowsStandalone target not found
Refreshing native plugins compatible for Editor in 0.54 ms, found 0 plugins.
Preloading 0 native plugins for Editor in 0.00 ms.
Mono: successfully reloaded assembly
- Completed reload, in  0.942 seconds
Platform modules already initialized, skipping
Refreshing native plugins compatible for Editor in 0.48 ms, found 0 plugins.
Preloading 0 native plugins for Editor in 0.00 ms.
Unloading 1853 Unused Serialized files (Serialized files now loaded: 0)
System memory in use before: 200.3 MB.
System memory in use after: 200.4 MB.

Unloading 21 unused Assets to reduce memory usage. Loaded Objects now: 2419.
Total: 2.108100 ms (FindLiveObjects: 0.212800 ms CreateObjectMapping: 0.092800 ms MarkObjects: 1.783100 ms  DeleteObjects: 0.018400 ms)

========================================================================
Received Import Request.
  Time since last request: 1135.593038 seconds.
  path: Assets/Scenes/Pudding.unity
  artifactKey: Guid(f12769b687eed744db81bd77328d9759) Importer(815301076,1909f56bfc062723c751e8b465ee728b)
Start importing Assets/Scenes/Pudding.unity using Guid(f12769b687eed744db81bd77328d9759) Importer(815301076,1909f56bfc062723c751e8b465ee728b)  -> (artifact id: '7eb73b4b10f2dd5aa2972cafe1439a46') in 0.086084 seconds 
========================================================================
Received Prepare
Registering precompiled user dll's ...
Registered in 0.006018 seconds.
Begin MonoManager ReloadAssembly
Native extension for WindowsStandalone target not found
Refreshing native plugins compatible for Editor in 0.78 ms, found 0 plugins.
Preloading 0 native plugins for Editor in 0.00 ms.
Mono: successfully reloaded assembly
- Completed reload, in  0.950 seconds
Platform modules already initialized, skipping
Refreshing native plugins compatible for Editor in 0.47 ms, found 0 plugins.
Preloading 0 native plugins for Editor in 0.00 ms.
Unloading 1853 Unused Serialized files (Serialized files now loaded: 0)
System memory in use before: 200.3 MB.
System memory in use after: 200.4 MB.

Unloading 21 unused Assets to reduce memory usage. Loaded Objects now: 2422.
Total: 2.220200 ms (FindLiveObjects: 0.179200 ms CreateObjectMapping: 0.073400 ms MarkObjects: 1.946500 ms  DeleteObjects: 0.019800 ms)

========================================================================
Received Prepare
Registering precompiled user dll's ...
Registered in 0.006075 seconds.
Begin MonoManager ReloadAssembly
Native extension for WindowsStandalone target not found
Refreshing native plugins compatible for Editor in 0.47 ms, found 0 plugins.
Preloading 0 native plugins for Editor in 0.00 ms.
Mono: successfully reloaded assembly
- Completed reload, in  0.937 seconds
Platform modules already initialized, skipping
Refreshing native plugins compatible for Editor in 0.53 ms, found 0 plugins.
Preloading 0 native plugins for Editor in 0.00 ms.
Unloading 1853 Unused Serialized files (Serialized files now loaded: 0)
System memory in use before: 200.3 MB.
System memory in use after: 200.4 MB.

Unloading 21 unused Assets to reduce memory usage. Loaded Objects now: 2425.
Total: 2.153500 ms (FindLiveObjects: 0.171700 ms CreateObjectMapping: 0.064600 ms MarkObjects: 1.897000 ms  DeleteObjects: 0.019100 ms)

AssetImportWorkerClient::OnTransportError - code=2 error=End of file
